2020-10-28 21:37:05,597 todos_views.py[line:71] DEBUG TodosHandle: regist successfully
2020-10-28 21:37:05,598 todos_views.py[line:72] DEBUG 22222
2020-10-28 21:37:05,598 todos_views.py[line:73] DEBUG [<models.Todos object at 0x7f0b3741cd30>]
2020-10-28 21:37:08,088 todos_views.py[line:71] DEBUG TodosHandle: regist successfully
2020-10-28 21:37:08,088 todos_views.py[line:72] DEBUG 22222
2020-10-28 21:37:08,088 todos_views.py[line:73] DEBUG [<models.Todos object at 0x7f0b3740c438>]
2020-10-28 21:37:15,832 todos_views.py[line:107] DEBUG NewTodoHandle: insert db, todo: wewetwet
2020-10-28 21:37:15,865 todos_views.py[line:114] DEBUG NewTodoHandle: add successfully
2020-10-28 21:37:17,056 todos_views.py[line:71] DEBUG TodosHandle: regist successfully
2020-10-28 21:37:17,057 todos_views.py[line:72] DEBUG 22222
2020-10-28 21:37:17,057 todos_views.py[line:73] DEBUG [<models.Todos object at 0x7f0b3740c860>, <models.Todos object at 0x7f0b3740c8d0>]
2020-10-28 21:37:20,813 todos_views.py[line:71] DEBUG TodosHandle: regist successfully
2020-10-28 21:37:20,813 todos_views.py[line:72] DEBUG 22222
2020-10-28 21:37:20,814 todos_views.py[line:73] DEBUG [<models.Todos object at 0x7f0b3740c668>, <models.Todos object at 0x7f0b3740c748>]
2020-10-28 21:38:07,122 todos_views.py[line:71] DEBUG TodosHandle: regist successfully
2020-10-28 21:38:07,122 todos_views.py[line:72] DEBUG 22222
2020-10-28 21:38:07,122 todos_views.py[line:73] DEBUG []
2020-10-28 21:38:29,813 todos_views.py[line:71] DEBUG TodosHandle: regist successfully
2020-10-28 21:38:29,813 todos_views.py[line:72] DEBUG 22222
2020-10-28 21:38:29,814 todos_views.py[line:73] DEBUG []
2020-10-28 21:38:44,824 todos_views.py[line:71] DEBUG TodosHandle: regist successfully
2020-10-28 21:38:44,824 todos_views.py[line:72] DEBUG 22222
2020-10-28 21:38:44,825 todos_views.py[line:73] DEBUG []
2020-10-28 21:38:47,832 todos_views.py[line:71] DEBUG TodosHandle: regist successfully
2020-10-28 21:38:47,832 todos_views.py[line:72] DEBUG 22222
2020-10-28 21:38:47,832 todos_views.py[line:73] DEBUG []
2020-10-28 21:38:54,174 todos_views.py[line:71] DEBUG TodosHandle: regist successfully
2020-10-28 21:38:54,175 todos_views.py[line:72] DEBUG 22222
2020-10-28 21:38:54,175 todos_views.py[line:73] DEBUG []
2020-10-28 21:59:12,963 todos_views.py[line:71] DEBUG TodosHandle: regist successfully
2020-10-28 21:59:12,968 todos_views.py[line:72] DEBUG []
2020-10-28 22:20:25,678 todos_views.py[line:73] DEBUG TodosHandle: regist successfully
2020-10-28 22:20:25,679 todos_views.py[line:74] DEBUG []
2020-10-28 22:20:53,585 todos_views.py[line:73] DEBUG TodosHandle: regist successfully
2020-10-28 22:20:53,587 todos_views.py[line:74] DEBUG []
2020-10-28 22:21:51,194 todos_views.py[line:72] DEBUG TodosHandle: regist successfully
2020-10-28 22:21:51,195 todos_views.py[line:73] DEBUG []
2020-10-28 22:22:09,651 todos_views.py[line:107] DEBUG NewTodoHandle: insert db, todo: dfsgsdgf
2020-10-28 22:22:09,775 todos_views.py[line:114] DEBUG NewTodoHandle: add successfully
2020-10-28 22:22:12,294 todos_views.py[line:107] DEBUG NewTodoHandle: insert db, todo: dfsgsdgfsdfgsdfg
2020-10-28 22:22:12,305 todos_views.py[line:114] DEBUG NewTodoHandle: add successfully
2020-10-28 22:22:13,351 todos_views.py[line:72] DEBUG TodosHandle: regist successfully
2020-10-28 22:22:13,351 todos_views.py[line:73] DEBUG [<models.Todos object at 0x7f28b2b24208>, <models.Todos object at 0x7f28b2b24278>]
2020-10-28 22:22:52,947 todos_views.py[line:72] DEBUG TodosHandle: regist successfully
2020-10-28 22:22:52,949 todos_views.py[line:73] DEBUG [('dfsgsdgf',), ('dfsgsdgfsdfgsdfg',)]
2020-10-28 22:43:50,126 todos_views.py[line:74] DEBUG TodosHandle: regist successfully
2020-10-28 22:43:50,127 todos_views.py[line:75] DEBUG [<models.Todos object at 0x7f902810ed30>, <models.Todos object at 0x7f90280b3e48>]
2020-10-28 22:44:35,669 todos_views.py[line:74] DEBUG TodosHandle: regist successfully
2020-10-28 22:44:35,669 todos_views.py[line:75] DEBUG [<models.Todos object at 0x7fa87caede10>, <models.Todos object at 0x7fa87caede80>]
2020-10-28 22:50:19,306 todos_views.py[line:77] DEBUG TodosHandle: regist successfully
2020-10-28 22:50:19,307 todos_views.py[line:78] DEBUG [<models.Todos object at 0x7f7631f06e10>, <models.Todos object at 0x7f7631f06e80>]
2020-10-28 22:51:24,446 todos_views.py[line:69] DEBUG TodosHandle: regist successfully
2020-10-28 22:51:24,447 todos_views.py[line:70] DEBUG [('dfsgsdgf', 'yuyue'), ('dfsgsdgfsdfgsdfg', 'yuyue')]
2020-10-28 22:51:41,216 todos_views.py[line:69] DEBUG TodosHandle: regist successfully
2020-10-28 22:51:41,219 todos_views.py[line:70] DEBUG [('dfsgsdgf', 'yuyue'), ('dfsgsdgfsdfgsdfg', 'yuyue')]
2020-10-28 22:52:42,014 todos_views.py[line:69] DEBUG TodosHandle: regist successfully
2020-10-28 22:52:42,015 todos_views.py[line:70] DEBUG [('dfsgsdgf', datetime.datetime(2020, 10, 28, 22, 22, 9)), ('dfsgsdgfsdfgsdfg', datetime.datetime(2020, 10, 28, 22, 22, 12))]
2020-10-28 22:53:12,306 todos_views.py[line:69] DEBUG TodosHandle: regist successfully
2020-10-28 22:53:12,308 todos_views.py[line:70] DEBUG [('dfsgsdgf',), ('dfsgsdgfsdfgsdfg',)]
2020-10-28 22:53:44,455 todos_views.py[line:69] DEBUG TodosHandle: regist successfully
2020-10-28 22:53:44,459 todos_views.py[line:70] DEBUG [('dfsgsdgf',), ('dfsgsdgfsdfgsdfg',)]
2020-10-28 22:54:14,560 todos_views.py[line:69] DEBUG TodosHandle: regist successfully
2020-10-28 22:54:14,566 todos_views.py[line:70] DEBUG [('dfsgsdgf',), ('dfsgsdgfsdfgsdfg',)]
2020-10-28 22:55:51,895 todos_views.py[line:69] DEBUG TodosHandle: regist successfully
2020-10-28 22:55:51,896 todos_views.py[line:70] DEBUG ('dfsgsdgf',)
2020-10-28 22:56:24,082 todos_views.py[line:69] DEBUG TodosHandle: regist successfully
2020-10-28 22:56:24,087 todos_views.py[line:70] DEBUG [('dfsgsdgf',), ('dfsgsdgfsdfgsdfg',)]
2020-10-28 22:57:06,061 todos_views.py[line:69] DEBUG TodosHandle: regist successfully
2020-10-28 22:57:06,062 todos_views.py[line:70] DEBUG [('dfsgsdgf',), ('dfsgsdgfsdfgsdfg',)]
2020-10-28 22:59:13,842 todos_views.py[line:69] DEBUG TodosHandle: regist successfully
2020-10-28 22:59:13,843 todos_views.py[line:70] DEBUG [('dfsgsdgf',), ('dfsgsdgfsdfgsdfg',)]
2020-10-28 22:59:15,961 todos_views.py[line:69] DEBUG TodosHandle: regist successfully
2020-10-28 22:59:15,961 todos_views.py[line:70] DEBUG [('dfsgsdgf',), ('dfsgsdgfsdfgsdfg',)]
2020-10-28 22:59:33,158 todos_views.py[line:69] DEBUG TodosHandle: regist successfully
2020-10-28 22:59:33,158 todos_views.py[line:70] DEBUG [('dfsgsdgf',), ('dfsgsdgfsdfgsdfg',)]
2020-10-28 22:59:45,259 todos_views.py[line:69] DEBUG TodosHandle: regist successfully
2020-10-28 22:59:45,261 todos_views.py[line:70] DEBUG [('dfsgsdgf',), ('dfsgsdgfsdfgsdfg',)]
2020-10-28 23:00:27,284 todos_views.py[line:69] DEBUG TodosHandle: regist successfully
2020-10-28 23:00:27,290 todos_views.py[line:70] DEBUG [('dfsgsdgf',), ('dfsgsdgfsdfgsdfg',)]
2020-10-28 23:00:28,792 todos_views.py[line:69] DEBUG TodosHandle: regist successfully
2020-10-28 23:00:28,792 todos_views.py[line:70] DEBUG [('dfsgsdgf',), ('dfsgsdgfsdfgsdfg',)]
2020-10-28 23:00:37,709 todos_views.py[line:69] DEBUG TodosHandle: regist successfully
2020-10-28 23:00:37,710 todos_views.py[line:70] DEBUG [('rdgffhdgf',), ('wewetwet',)]
2020-10-28 23:00:43,068 todos_views.py[line:69] DEBUG TodosHandle: regist successfully
2020-10-28 23:00:43,068 todos_views.py[line:70] DEBUG [('rdgffhdgf',), ('wewetwet',)]
2020-10-28 23:00:49,593 todos_views.py[line:69] DEBUG TodosHandle: regist successfully
2020-10-28 23:00:49,594 todos_views.py[line:70] DEBUG []
2020-10-28 23:01:04,657 todos_views.py[line:104] DEBUG NewTodoHandle: insert db, todo: eat
2020-10-28 23:01:04,801 todos_views.py[line:111] DEBUG NewTodoHandle: add successfully
2020-10-28 23:01:06,504 todos_views.py[line:69] DEBUG TodosHandle: regist successfully
2020-10-28 23:01:06,504 todos_views.py[line:70] DEBUG [('eat',)]
2020-10-28 23:01:11,358 todos_views.py[line:104] DEBUG NewTodoHandle: insert db, todo: sleep
2020-10-28 23:01:11,395 todos_views.py[line:111] DEBUG NewTodoHandle: add successfully
2020-10-28 23:01:12,460 todos_views.py[line:69] DEBUG TodosHandle: regist successfully
2020-10-28 23:01:12,460 todos_views.py[line:70] DEBUG [('eat',), ('sleep',)]
2020-10-28 23:02:52,268 todos_views.py[line:69] DEBUG TodosHandle: regist successfully
2020-10-28 23:02:52,270 todos_views.py[line:70] DEBUG [('eat',), ('sleep',)]
2020-10-28 23:02:57,536 todos_views.py[line:104] DEBUG NewTodoHandle: insert db, todo: drink
2020-10-28 23:02:57,578 todos_views.py[line:111] DEBUG NewTodoHandle: add successfully
2020-10-28 23:02:57,802 todos_views.py[line:69] DEBUG TodosHandle: regist successfully
2020-10-28 23:02:57,802 todos_views.py[line:70] DEBUG [('eat',), ('sleep',), ('drink',)]
2020-10-28 23:03:08,527 todos_views.py[line:104] DEBUG NewTodoHandle: insert db, todo: play phone
2020-10-28 23:03:08,649 todos_views.py[line:111] DEBUG NewTodoHandle: add successfully
2020-10-28 23:03:08,707 todos_views.py[line:69] DEBUG TodosHandle: regist successfully
2020-10-28 23:03:08,707 todos_views.py[line:70] DEBUG [('eat',), ('sleep',), ('drink',), ('play phone',)]
2020-10-28 23:03:27,810 todos_views.py[line:69] DEBUG TodosHandle: regist successfully
2020-10-28 23:03:27,832 todos_views.py[line:70] DEBUG [('eat',), ('sleep',), ('drink',), ('play phone',)]
2020-10-28 23:24:03,341 todos_views.py[line:69] DEBUG TodosHandle: regist successfully
2020-10-28 23:24:03,402 todos_views.py[line:70] DEBUG [('eat',), ('sleep',), ('drink',), ('play phone',)]
2020-10-28 23:24:17,006 todos_views.py[line:69] DEBUG TodosHandle: regist successfully
2020-10-28 23:24:17,011 todos_views.py[line:70] DEBUG [('eat',), ('sleep',), ('drink',), ('play phone',)]
2020-10-28 23:24:19,446 todos_views.py[line:69] DEBUG TodosHandle: regist successfully
2020-10-28 23:24:19,446 todos_views.py[line:70] DEBUG [('eat',), ('sleep',), ('drink',), ('play phone',)]
2020-10-28 23:25:18,111 todos_views.py[line:69] DEBUG TodosHandle: regist successfully
2020-10-28 23:25:18,114 todos_views.py[line:70] DEBUG [('eat',), ('sleep',), ('drink',), ('play phone',)]
2020-10-28 23:27:05,400 todos_views.py[line:69] DEBUG TodosHandle: regist successfully
2020-10-28 23:27:05,410 todos_views.py[line:70] DEBUG [('eat',), ('sleep',), ('drink',), ('play phone',)]
2020-10-28 23:27:09,915 todos_views.py[line:69] DEBUG TodosHandle: regist successfully
2020-10-28 23:27:09,915 todos_views.py[line:70] DEBUG [('eat',), ('sleep',), ('drink',), ('play phone',)]
2020-10-28 23:38:36,059 todos_views.py[line:69] DEBUG TodosHandle: regist successfully
2020-10-28 23:38:36,064 todos_views.py[line:70] DEBUG [('eat',), ('sleep',), ('drink',), ('play phone',)]
2020-10-28 23:53:22,989 todos_views.py[line:69] DEBUG TodosHandle: regist successfully
2020-10-28 23:53:22,990 todos_views.py[line:70] DEBUG [('eat',), ('sleep',), ('drink',), ('play phone',)]
2020-10-28 23:55:57,715 todos_views.py[line:69] DEBUG TodosHandle: regist successfully
2020-10-28 23:55:57,715 todos_views.py[line:70] DEBUG [('eat',), ('sleep',), ('drink',), ('play phone',)]
2020-10-29 00:10:32,572 todos_views.py[line:69] DEBUG TodosHandle: regist successfully
2020-10-29 00:10:32,584 todos_views.py[line:70] DEBUG [('eat',), ('sleep',), ('drink',), ('play phone',)]
2020-10-29 00:11:46,054 todos_views.py[line:69] DEBUG TodosHandle: regist successfully
2020-10-29 00:11:46,059 todos_views.py[line:70] DEBUG [('eat',), ('sleep',), ('drink',), ('play phone',)]
2020-10-29 00:12:56,450 todos_views.py[line:69] DEBUG TodosHandle: regist successfully
2020-10-29 00:12:56,453 todos_views.py[line:70] DEBUG [('eat',), ('sleep',), ('drink',), ('play phone',)]
2020-10-29 00:13:33,672 todos_views.py[line:69] DEBUG TodosHandle: regist successfully
2020-10-29 00:13:33,675 todos_views.py[line:70] DEBUG [('eat',), ('sleep',), ('drink',), ('play phone',)]
2020-10-29 00:14:24,167 todos_views.py[line:69] DEBUG TodosHandle: regist successfully
2020-10-29 00:14:24,171 todos_views.py[line:70] DEBUG [('eat',), ('sleep',), ('drink',), ('play phone',)]
2020-10-29 00:15:27,966 todos_views.py[line:69] DEBUG TodosHandle: regist successfully
2020-10-29 00:15:27,970 todos_views.py[line:70] DEBUG [('eat',), ('sleep',), ('drink',), ('play phone',)]
2020-10-29 00:16:50,147 todos_views.py[line:69] DEBUG TodosHandle: regist successfully
2020-10-29 00:16:50,161 todos_views.py[line:70] DEBUG [('eat',), ('sleep',), ('drink',), ('play phone',)]
2020-10-29 00:17:07,805 todos_views.py[line:69] DEBUG TodosHandle: regist successfully
2020-10-29 00:17:07,809 todos_views.py[line:70] DEBUG [('eat',), ('sleep',), ('drink',), ('play phone',)]
2020-10-29 00:17:12,804 todos_views.py[line:69] DEBUG TodosHandle: regist successfully
2020-10-29 00:17:12,804 todos_views.py[line:70] DEBUG [('eat',), ('sleep',), ('drink',), ('play phone',)]
2020-10-29 00:17:59,948 todos_views.py[line:69] DEBUG TodosHandle: regist successfully
2020-10-29 00:17:59,952 todos_views.py[line:70] DEBUG [('eat',), ('sleep',), ('drink',), ('play phone',)]
2020-10-29 00:18:19,470 todos_views.py[line:69] DEBUG TodosHandle: regist successfully
2020-10-29 00:18:19,475 todos_views.py[line:70] DEBUG [('eat',), ('sleep',), ('drink',), ('play phone',)]
2020-10-29 00:18:21,729 todos_views.py[line:69] DEBUG TodosHandle: regist successfully
2020-10-29 00:18:21,729 todos_views.py[line:70] DEBUG [('eat',), ('sleep',), ('drink',), ('play phone',)]
2020-10-29 00:18:23,757 todos_views.py[line:69] DEBUG TodosHandle: regist successfully
2020-10-29 00:18:23,757 todos_views.py[line:70] DEBUG [('eat',), ('sleep',), ('drink',), ('play phone',)]
2020-10-29 09:17:07,940 todos_views.py[line:69] DEBUG TodosHandle: regist successfully
2020-10-29 09:17:07,941 todos_views.py[line:70] DEBUG []
2020-10-29 09:18:04,115 todos_views.py[line:69] DEBUG TodosHandle: regist successfully
2020-10-29 09:18:04,115 todos_views.py[line:70] DEBUG []
2020-10-29 09:18:18,888 todos_views.py[line:69] DEBUG TodosHandle: regist successfully
2020-10-29 09:18:18,888 todos_views.py[line:70] DEBUG []
2020-10-29 09:18:34,491 todos_views.py[line:69] DEBUG TodosHandle: regist successfully
2020-10-29 09:18:34,491 todos_views.py[line:70] DEBUG []
2020-10-29 09:18:50,433 todos_views.py[line:69] DEBUG TodosHandle: regist successfully
2020-10-29 09:18:50,434 todos_views.py[line:70] DEBUG []
2020-10-29 09:19:11,259 todos_views.py[line:69] DEBUG TodosHandle: regist successfully
2020-10-29 09:19:11,259 todos_views.py[line:70] DEBUG []
2020-10-29 09:19:25,938 todos_views.py[line:69] DEBUG TodosHandle: regist successfully
2020-10-29 09:19:25,938 todos_views.py[line:70] DEBUG []
2020-10-29 09:20:04,322 todos_views.py[line:69] DEBUG TodosHandle: regist successfully
2020-10-29 09:20:04,322 todos_views.py[line:70] DEBUG []
2020-10-29 09:20:17,056 todos_views.py[line:69] DEBUG TodosHandle: regist successfully
2020-10-29 09:20:17,056 todos_views.py[line:70] DEBUG []
2020-10-29 09:20:32,090 todos_views.py[line:69] DEBUG TodosHandle: regist successfully
2020-10-29 09:20:32,090 todos_views.py[line:70] DEBUG []
2020-10-29 09:20:51,215 todos_views.py[line:69] DEBUG TodosHandle: regist successfully
2020-10-29 09:20:51,216 todos_views.py[line:70] DEBUG []
2020-10-29 09:21:08,259 todos_views.py[line:69] DEBUG TodosHandle: regist successfully
2020-10-29 09:21:08,260 todos_views.py[line:70] DEBUG []
2020-10-29 09:21:27,194 todos_views.py[line:69] DEBUG TodosHandle: regist successfully
2020-10-29 09:21:27,194 todos_views.py[line:70] DEBUG []
2020-10-29 09:27:51,652 todos_views.py[line:69] DEBUG TodosHandle: regist successfully
2020-10-29 09:27:51,711 todos_views.py[line:70] DEBUG []
2020-10-29 09:29:00,623 todos_views.py[line:69] DEBUG TodosHandle: regist successfully
2020-10-29 09:29:00,623 todos_views.py[line:70] DEBUG []
2020-10-29 09:33:19,494 todos_views.py[line:69] DEBUG TodosHandle: regist successfully
2020-10-29 09:33:19,495 todos_views.py[line:70] DEBUG []
2020-10-29 09:37:12,244 todos_views.py[line:69] DEBUG TodosHandle: regist successfully
2020-10-29 09:37:12,244 todos_views.py[line:70] DEBUG []
2020-10-29 09:37:29,214 todos_views.py[line:69] DEBUG TodosHandle: regist successfully
2020-10-29 09:37:29,214 todos_views.py[line:70] DEBUG []
2020-10-29 09:38:56,788 todos_views.py[line:69] DEBUG TodosHandle: regist successfully
2020-10-29 09:38:56,788 todos_views.py[line:70] DEBUG []
2020-10-29 09:39:09,071 todos_views.py[line:69] DEBUG TodosHandle: regist successfully
2020-10-29 09:39:09,071 todos_views.py[line:70] DEBUG []
2020-10-29 09:40:10,384 todos_views.py[line:69] DEBUG TodosHandle: regist successfully
2020-10-29 09:40:10,384 todos_views.py[line:70] DEBUG []
2020-10-29 09:47:38,340 todos_views.py[line:69] DEBUG TodosHandle: regist successfully
2020-10-29 09:47:38,341 todos_views.py[line:70] DEBUG []
2020-10-29 09:48:06,713 todos_views.py[line:69] DEBUG TodosHandle: regist successfully
2020-10-29 09:48:06,713 todos_views.py[line:70] DEBUG []
2020-10-29 09:50:42,648 todos_views.py[line:69] DEBUG TodosHandle: regist successfully
2020-10-29 09:50:42,648 todos_views.py[line:70] DEBUG []
2020-10-29 09:54:12,334 todos_views.py[line:69] DEBUG TodosHandle: regist successfully
2020-10-29 09:54:12,335 todos_views.py[line:70] DEBUG []
2020-10-29 09:54:47,324 todos_views.py[line:69] DEBUG TodosHandle: regist successfully
2020-10-29 09:54:47,324 todos_views.py[line:70] DEBUG []
2020-10-29 09:55:01,906 todos_views.py[line:69] DEBUG TodosHandle: regist successfully
2020-10-29 09:55:01,906 todos_views.py[line:70] DEBUG []
2020-10-29 09:55:24,581 todos_views.py[line:69] DEBUG TodosHandle: regist successfully
2020-10-29 09:55:24,581 todos_views.py[line:70] DEBUG []
2020-10-29 09:56:43,181 todos_views.py[line:69] DEBUG TodosHandle: regist successfully
2020-10-29 09:56:43,181 todos_views.py[line:70] DEBUG []
2020-10-29 09:58:30,404 todos_views.py[line:69] DEBUG TodosHandle: regist successfully
2020-10-29 09:58:30,404 todos_views.py[line:70] DEBUG []
2020-10-29 09:59:34,654 todos_views.py[line:69] DEBUG TodosHandle: regist successfully
2020-10-29 09:59:34,654 todos_views.py[line:70] DEBUG []
2020-10-29 10:00:53,098 todos_views.py[line:69] DEBUG TodosHandle: regist successfully
2020-10-29 10:00:53,098 todos_views.py[line:70] DEBUG []
2020-10-29 10:01:16,700 todos_views.py[line:69] DEBUG TodosHandle: regist successfully
2020-10-29 10:01:16,700 todos_views.py[line:70] DEBUG []
2020-10-29 10:02:55,845 todos_views.py[line:69] DEBUG TodosHandle: regist successfully
2020-10-29 10:02:55,845 todos_views.py[line:70] DEBUG []
2020-10-29 10:03:52,485 todos_views.py[line:69] DEBUG TodosHandle: regist successfully
2020-10-29 10:03:52,485 todos_views.py[line:70] DEBUG []
2020-10-29 10:04:26,783 todos_views.py[line:69] DEBUG TodosHandle: regist successfully
2020-10-29 10:04:26,783 todos_views.py[line:70] DEBUG []
2020-10-29 10:05:04,918 todos_views.py[line:69] DEBUG TodosHandle: regist successfully
2020-10-29 10:05:04,918 todos_views.py[line:70] DEBUG []
2020-10-29 10:05:17,476 todos_views.py[line:69] DEBUG TodosHandle: regist successfully
2020-10-29 10:05:17,476 todos_views.py[line:70] DEBUG []
2020-10-29 10:05:28,979 todos_views.py[line:69] DEBUG TodosHandle: regist successfully
2020-10-29 10:05:28,980 todos_views.py[line:70] DEBUG []
2020-10-29 10:06:05,820 todos_views.py[line:69] DEBUG TodosHandle: regist successfully
2020-10-29 10:06:05,820 todos_views.py[line:70] DEBUG []
2020-10-29 10:06:07,800 todos_views.py[line:69] DEBUG TodosHandle: regist successfully
2020-10-29 10:06:07,800 todos_views.py[line:70] DEBUG []
2020-10-29 10:06:09,312 todos_views.py[line:69] DEBUG TodosHandle: regist successfully
2020-10-29 10:06:09,312 todos_views.py[line:70] DEBUG []
2020-10-29 10:06:12,503 todos_views.py[line:69] DEBUG TodosHandle: regist successfully
2020-10-29 10:06:12,503 todos_views.py[line:70] DEBUG []
2020-10-29 10:06:26,549 todos_views.py[line:104] DEBUG NewTodoHandle: insert db, todo: eat
2020-10-29 10:06:26,674 todos_views.py[line:111] DEBUG NewTodoHandle: add successfully
2020-10-29 10:06:26,963 todos_views.py[line:69] DEBUG TodosHandle: regist successfully
2020-10-29 10:06:26,964 todos_views.py[line:70] DEBUG [('eat',)]
2020-10-29 10:07:13,506 todos_views.py[line:69] DEBUG TodosHandle: regist successfully
2020-10-29 10:07:13,508 todos_views.py[line:70] DEBUG [('eat',)]
2020-10-29 10:07:50,198 todos_views.py[line:69] DEBUG TodosHandle: regist successfully
2020-10-29 10:07:50,198 todos_views.py[line:70] DEBUG [('eat',)]
2020-10-29 12:47:56,168 todos_views.py[line:69] DEBUG TodosHandle: regist successfully
2020-10-29 12:47:56,170 todos_views.py[line:70] DEBUG [('eat',)]
2020-10-29 12:48:07,391 todos_views.py[line:69] DEBUG TodosHandle: regist successfully
2020-10-29 12:48:07,392 todos_views.py[line:70] DEBUG [('eat',)]
2020-10-29 13:02:06,163 todos_views.py[line:69] DEBUG TodosHandle: regist successfully
2020-10-29 13:02:06,164 todos_views.py[line:70] DEBUG []
2020-10-29 13:02:08,697 todos_views.py[line:69] DEBUG TodosHandle: regist successfully
2020-10-29 13:02:08,697 todos_views.py[line:70] DEBUG []
2020-10-29 13:05:54,900 todos_views.py[line:69] DEBUG TodosHandle: regist successfully
2020-10-29 13:05:54,905 todos_views.py[line:70] DEBUG []
2020-10-29 13:09:23,513 todos_views.py[line:69] DEBUG TodosHandle: regist successfully
2020-10-29 13:09:23,524 todos_views.py[line:70] DEBUG []
2020-10-29 13:14:19,574 todos_views.py[line:69] DEBUG TodosHandle: regist successfully
2020-10-29 13:14:19,582 todos_views.py[line:70] DEBUG []
2020-10-29 14:15:06,402 todos_views.py[line:69] DEBUG TodosHandle: regist successfully
2020-10-29 14:15:06,404 todos_views.py[line:70] DEBUG []
2020-10-29 14:15:38,323 todos_views.py[line:104] DEBUG NewTodoHandle: insert db, todo: werwer
2020-10-29 14:15:38,488 todos_views.py[line:111] DEBUG NewTodoHandle: add successfully
2020-10-29 14:15:38,555 todos_views.py[line:69] DEBUG TodosHandle: regist successfully
2020-10-29 14:15:38,556 todos_views.py[line:70] DEBUG [('werwer',)]
2020-10-29 14:29:13,716 todos_views.py[line:69] DEBUG TodosHandle: regist successfully
2020-10-29 14:29:13,718 todos_views.py[line:70] DEBUG []
2020-10-29 14:30:24,342 todos_views.py[line:69] DEBUG TodosHandle: regist successfully
2020-10-29 14:30:24,590 todos_views.py[line:70] DEBUG []
2020-10-29 14:31:14,267 todos_views.py[line:69] DEBUG TodosHandle: regist successfully
2020-10-29 14:31:14,274 todos_views.py[line:70] DEBUG []
2020-10-29 14:31:24,691 todos_views.py[line:69] DEBUG TodosHandle: regist successfully
2020-10-29 14:31:24,693 todos_views.py[line:70] DEBUG []
2020-10-29 14:34:29,182 todos_views.py[line:69] DEBUG TodosHandle: regist successfully
2020-10-29 14:34:29,187 todos_views.py[line:70] DEBUG []
2020-10-29 14:42:02,013 todos_views.py[line:69] DEBUG TodosHandle: regist successfully
2020-10-29 14:42:02,026 todos_views.py[line:70] DEBUG []
2020-10-29 14:42:17,058 todos_views.py[line:69] DEBUG TodosHandle: regist successfully
2020-10-29 14:42:17,062 todos_views.py[line:70] DEBUG []
2020-10-29 14:42:20,246 todos_views.py[line:69] DEBUG TodosHandle: regist successfully
2020-10-29 14:42:20,246 todos_views.py[line:70] DEBUG []
2020-10-29 16:40:51,555 todos_views.py[line:69] DEBUG TodosHandle: regist successfully
2020-10-29 16:40:51,567 todos_views.py[line:70] DEBUG []
2020-10-29 16:41:07,257 todos_views.py[line:104] DEBUG NewTodoHandle: insert db, todo: eat
2020-10-29 16:41:07,375 todos_views.py[line:111] DEBUG NewTodoHandle: add successfully
2020-10-29 16:41:07,423 todos_views.py[line:69] DEBUG TodosHandle: regist successfully
2020-10-29 16:41:07,423 todos_views.py[line:70] DEBUG [('eat',)]
2020-10-29 16:41:13,720 todos_views.py[line:104] DEBUG NewTodoHandle: insert db, todo: drink
2020-10-29 16:41:13,816 todos_views.py[line:111] DEBUG NewTodoHandle: add successfully
2020-10-29 16:41:13,865 todos_views.py[line:69] DEBUG TodosHandle: regist successfully
2020-10-29 16:41:13,865 todos_views.py[line:70] DEBUG [('eat',), ('drink',)]
2020-10-29 17:05:12,626 todos_views.py[line:69] DEBUG TodosHandle: regist successfully
2020-10-29 17:05:12,651 todos_views.py[line:70] DEBUG [('eat',), ('drink',)]
2020-10-29 17:05:14,891 todos_views.py[line:69] DEBUG TodosHandle: regist successfully
2020-10-29 17:05:14,891 todos_views.py[line:70] DEBUG [('eat',), ('drink',)]
2020-10-29 17:05:16,971 todos_views.py[line:69] DEBUG TodosHandle: regist successfully
2020-10-29 17:05:16,973 todos_views.py[line:70] DEBUG [('eat',), ('drink',)]
2020-10-29 17:05:32,795 todos_views.py[line:69] DEBUG TodosHandle: regist successfully
2020-10-29 17:05:32,798 todos_views.py[line:70] DEBUG [('eat',), ('drink',)]
2020-10-29 17:08:17,333 todos_views.py[line:69] DEBUG TodosHandle: regist successfully
2020-10-29 17:08:17,347 todos_views.py[line:70] DEBUG [('eat',), ('drink',)]
2020-10-29 17:08:58,163 todos_views.py[line:69] DEBUG TodosHandle: regist successfully
2020-10-29 17:08:58,170 todos_views.py[line:70] DEBUG [('eat',), ('drink',)]
2020-10-29 17:11:14,898 todos_views.py[line:69] DEBUG TodosHandle: regist successfully
2020-10-29 17:11:14,905 todos_views.py[line:70] DEBUG [('eat',), ('drink',)]
2020-10-30 09:26:23,325 todos_views.py[line:69] DEBUG TodosHandle: regist successfully
2020-10-30 09:26:23,326 todos_views.py[line:70] DEBUG [('eat',), ('drink',)]
2020-10-30 09:27:33,110 todos_views.py[line:69] DEBUG TodosHandle: regist successfully
2020-10-30 09:27:33,110 todos_views.py[line:70] DEBUG [('eat',), ('drink',)]
2020-10-30 09:28:26,118 todos_views.py[line:69] DEBUG TodosHandle: regist successfully
2020-10-30 09:28:26,118 todos_views.py[line:70] DEBUG [('eat',), ('drink',)]
2020-10-30 09:28:38,460 todos_views.py[line:69] DEBUG TodosHandle: regist successfully
2020-10-30 09:28:38,460 todos_views.py[line:70] DEBUG [('eat',), ('drink',)]
2020-10-30 09:28:49,680 todos_views.py[line:69] DEBUG TodosHandle: regist successfully
2020-10-30 09:28:49,680 todos_views.py[line:70] DEBUG [('eat',), ('drink',)]
2020-10-30 09:29:07,611 todos_views.py[line:69] DEBUG TodosHandle: regist successfully
2020-10-30 09:29:07,612 todos_views.py[line:70] DEBUG []
2020-10-30 09:29:16,020 todos_views.py[line:69] DEBUG TodosHandle: regist successfully
2020-10-30 09:29:16,020 todos_views.py[line:70] DEBUG []
2020-10-30 09:29:24,249 todos_views.py[line:104] DEBUG NewTodoHandle: insert db, todo: ride
2020-10-30 09:29:24,257 todos_views.py[line:111] DEBUG NewTodoHandle: add successfully
2020-10-30 09:29:24,279 todos_views.py[line:69] DEBUG TodosHandle: regist successfully
2020-10-30 09:29:24,279 todos_views.py[line:70] DEBUG [('ride',)]
2020-10-30 09:50:49,661 todos_views.py[line:69] DEBUG TodosHandle: regist successfully
2020-10-30 09:50:49,664 todos_views.py[line:70] DEBUG []
2020-10-30 09:50:55,112 todos_views.py[line:104] DEBUG NewTodoHandle: insert db, todo: eat
2020-10-30 09:50:55,123 todos_views.py[line:111] DEBUG NewTodoHandle: add successfully
2020-10-30 09:50:55,184 todos_views.py[line:69] DEBUG TodosHandle: regist successfully
2020-10-30 09:50:55,185 todos_views.py[line:70] DEBUG [('eat',)]
2020-10-30 09:51:00,654 todos_views.py[line:104] DEBUG NewTodoHandle: insert db, todo: drink
2020-10-30 09:51:00,668 todos_views.py[line:111] DEBUG NewTodoHandle: add successfully
2020-10-30 09:51:00,696 todos_views.py[line:69] DEBUG TodosHandle: regist successfully
2020-10-30 09:51:00,697 todos_views.py[line:70] DEBUG [('eat',), ('drink',)]
2020-10-30 09:51:10,261 todos_views.py[line:69] DEBUG TodosHandle: regist successfully
2020-10-30 09:51:10,262 todos_views.py[line:70] DEBUG [('eat',), ('drink',)]
2020-10-30 09:51:26,812 todos_views.py[line:69] DEBUG TodosHandle: regist successfully
2020-10-30 09:51:26,813 todos_views.py[line:70] DEBUG [('eat',), ('drink',)]
2020-10-30 09:51:29,804 todos_views.py[line:69] DEBUG TodosHandle: regist successfully
2020-10-30 09:51:29,806 todos_views.py[line:70] DEBUG [('eat',), ('drink',)]
2020-10-30 12:46:19,578 todos_views.py[line:69] DEBUG TodosHandle: regist successfully
2020-10-30 12:46:19,579 todos_views.py[line:70] DEBUG [('eat',), ('drink',)]
2020-10-30 12:46:21,552 todos_views.py[line:69] DEBUG TodosHandle: regist successfully
2020-10-30 12:46:21,552 todos_views.py[line:70] DEBUG [('eat',), ('drink',)]
2020-10-30 13:54:18,972 todos_views.py[line:69] DEBUG TodosHandle: regist successfully
2020-10-30 13:54:18,973 todos_views.py[line:70] DEBUG [('eat',), ('drink',)]
2020-10-30 13:54:25,694 todos_views.py[line:69] DEBUG TodosHandle: regist successfully
2020-10-30 13:54:25,696 todos_views.py[line:70] DEBUG [('eat',), ('drink',)]
2020-10-30 13:54:27,655 todos_views.py[line:69] DEBUG TodosHandle: regist successfully
2020-10-30 13:54:27,655 todos_views.py[line:70] DEBUG [('eat',), ('drink',)]
2020-10-30 13:54:33,377 todos_views.py[line:69] DEBUG TodosHandle: regist successfully
2020-10-30 13:54:33,377 todos_views.py[line:70] DEBUG [('eat',), ('drink',)]
